<?xml version="1.0" encoding="utf-8"?>
<CoverageSession xmlns:xsd="http://www.w3.org/2001/XMLSchema" xmlns:xsi="http://www.w3.org/2001/XMLSchema-instance" Version="4.6.0.0">
  <Summary numSequencePoints="64" visitedSequencePoints="10" numBranchPoints="19" visitedBranchPoints="3" sequenceCoverage="15.62" branchCoverage="15.79" maxCyclomaticComplexity="3" minCyclomaticComplexity="1" maxCrapScore="12" minCrapScore="1" visitedClasses="1" numClasses="3" visitedMethods="3" numMethods="17" />
  <Modules>
    <Module hash="D7-3B-25-60-B0-33-74-41-6B-9E-01-F3-73-56-8E-DE-A2-F7-4C-FF">
      <Summary numSequencePoints="64" visitedSequencePoints="10" numBranchPoints="19" visitedBranchPoints="3" sequenceCoverage="15.62" branchCoverage="15.79" maxCyclomaticComplexity="3" minCyclomaticComplexity="1" maxCrapScore="12" minCrapScore="1" visitedClasses="1" numClasses="3" visitedMethods="3" numMethods="17" />
      <ModulePath>C:\Users\Володимир\source\repos\Lab1\DictionaryTest\bin\Debug\DictionaryTest.dll</ModulePath>
      <ModuleTime>2020-10-20T23:35:09.036753Z</ModuleTime>
      <ModuleName>DictionaryTest</ModuleName>
      <Files>
        <File uid="1" fullPath="C:\Users\Володимир\source\repos\Lab1\DictionaryTest\TestKey.cs" />
        <File uid="3" fullPath="C:\Users\Володимир\source\repos\Lab1\DictionaryTest\DictionaryTest.cs" />
      </Files>
      <Classes>
        <Class>
          <Summary numSequencePoints="5" visitedSequencePoints="0" numBranchPoints="1" visitedBranchPoints="0" sequenceCoverage="0" branchCoverage="0" maxCyclomaticComplexity="1" minCyclomaticComplexity="1" maxCrapScore="2" minCrapScore="2" visitedClasses="0" numClasses="1" visitedMethods="0" numMethods="1" />
          <FullName>DictionaryTest.TestKey`2</FullName>
          <Methods>
            <Method skippedDueTo="AutoImplementedProperty" visited="false" cyclomaticComplexity="1" nPathComplexity="0" sequenceCoverage="0" branchCoverage="0" crapScore="0" isConstructor="false" isStatic="false" isGetter="true" isSetter="false">
              <MetadataToken>100663297</MetadataToken>
              <Name>TFirst DictionaryTest.TestKey`2::get_First()</Name>
              <FileRef uid="1" />
              <SequencePoints />
              <BranchPoints />
            </Method>
            <Method skippedDueTo="AutoImplementedProperty" visited="false" cyclomaticComplexity="1" nPathComplexity="0" sequenceCoverage="0" branchCoverage="0" crapScore="0" isConstructor="false" isStatic="false" isGetter="false" isSetter="true">
              <MetadataToken>100663298</MetadataToken>
              <Name>System.Void DictionaryTest.TestKey`2::set_First(TFirst)</Name>
              <FileRef uid="1" />
              <SequencePoints />
              <BranchPoints />
            </Method>
            <Method skippedDueTo="AutoImplementedProperty" visited="false" cyclomaticComplexity="1" nPathComplexity="0" sequenceCoverage="0" branchCoverage="0" crapScore="0" isConstructor="false" isStatic="false" isGetter="true" isSetter="false">
              <MetadataToken>100663299</MetadataToken>
              <Name>TSecond DictionaryTest.TestKey`2::get_Second()</Name>
              <FileRef uid="1" />
              <SequencePoints />
              <BranchPoints />
            </Method>
            <Method skippedDueTo="AutoImplementedProperty" visited="false" cyclomaticComplexity="1" nPathComplexity="0" sequenceCoverage="0" branchCoverage="0" crapScore="0" isConstructor="false" isStatic="false" isGetter="false" isSetter="true">
              <MetadataToken>100663300</MetadataToken>
              <Name>System.Void DictionaryTest.TestKey`2::set_Second(TSecond)</Name>
              <FileRef uid="1" />
              <SequencePoints />
              <BranchPoints />
            </Method>
            <Method visited="false" cyclomaticComplexity="1" nPathComplexity="0" sequenceCoverage="0" branchCoverage="0" crapScore="2" isConstructor="true" isStatic="false" isGetter="false" isSetter="false">
              <Summary numSequencePoints="5" visitedSequencePoints="0" numBranchPoints="1" visitedBranchPoints="0" sequenceCoverage="0" branchCoverage="0" maxCyclomaticComplexity="1" minCyclomaticComplexity="1" maxCrapScore="2" minCrapScore="2" visitedClasses="0" numClasses="0" visitedMethods="0" numMethods="1" />
              <MetadataToken>100663301</MetadataToken>
              <Name>System.Void DictionaryTest.TestKey`2::.ctor(TFirst,TSecond)</Name>
              <FileRef uid="1" />
              <SequencePoints>
                <SequencePoint vc="0" uspid="1" ordinal="0" offset="0" sl="9" sc="3" el="9" ec="47" bec="0" bev="0" fileid="1" />
                <SequencePoint vc="0" uspid="2" ordinal="1" offset="7" sl="10" sc="3" el="10" ec="4" bec="0" bev="0" fileid="1" />
                <SequencePoint vc="0" uspid="3" ordinal="2" offset="8" sl="11" sc="4" el="11" ec="18" bec="0" bev="0" fileid="1" />
                <SequencePoint vc="0" uspid="4" ordinal="3" offset="16" sl="12" sc="4" el="12" ec="20" bec="0" bev="0" fileid="1" />
                <SequencePoint vc="0" uspid="5" ordinal="4" offset="24" sl="13" sc="3" el="13" ec="4" bec="0" bev="0" fileid="1" />
              </SequencePoints>
              <BranchPoints />
              <MethodPoint xsi:type="SequencePoint" vc="0" uspid="1" ordinal="0" offset="0" sl="9" sc="3" el="9" ec="47" bec="0" bev="0" fileid="1" />
            </Method>
          </Methods>
        </Class>
        <Class>
          <Summary numSequencePoints="8" visitedSequencePoints="0" numBranchPoints="4" visitedBranchPoints="0" sequenceCoverage="0" branchCoverage="0" maxCyclomaticComplexity="3" minCyclomaticComplexity="1" maxCrapScore="12" minCrapScore="2" visitedClasses="0" numClasses="1" visitedMethods="0" numMethods="2" />
          <FullName>DictionaryTest.TestKeyEqualityComparer`2</FullName>
          <Methods>
            <Method visited="false" cyclomaticComplexity="3" nPathComplexity="2" sequenceCoverage="0" branchCoverage="0" crapScore="12" isConstructor="false" isStatic="false" isGetter="false" isSetter="false">
              <Summary numSequencePoints="5" visitedSequencePoints="0" numBranchPoints="3" visitedBranchPoints="0" sequenceCoverage="0" branchCoverage="0" maxCyclomaticComplexity="3" minCyclomaticComplexity="3" maxCrapScore="12" minCrapScore="12" visitedClasses="0" numClasses="0" visitedMethods="0" numMethods="1" />
              <MetadataToken>100663302</MetadataToken>
              <Name>System.Boolean DictionaryTest.TestKeyEqualityComparer`2::Equals(DictionaryTest.TestKey`2&lt;TFirst,TSecond&gt;,DictionaryTest.TestKey`2&lt;TFirst,TSecond&gt;)</Name>
              <FileRef uid="1" />
              <SequencePoints>
                <SequencePoint vc="0" uspid="6" ordinal="0" offset="0" sl="19" sc="3" el="19" ec="4" bec="0" bev="0" fileid="1" />
                <SequencePoint vc="0" uspid="7" ordinal="1" offset="1" sl="20" sc="4" el="20" ec="61" bec="2" bev="0" fileid="1" />
                <SequencePoint vc="0" uspid="8" ordinal="2" offset="72" sl="21" sc="5" el="21" ec="17" bec="0" bev="0" fileid="1" />
                <SequencePoint vc="0" uspid="9" ordinal="3" offset="76" sl="22" sc="4" el="22" ec="17" bec="0" bev="0" fileid="1" />
                <SequencePoint vc="0" uspid="10" ordinal="4" offset="80" sl="23" sc="3" el="23" ec="4" bec="0" bev="0" fileid="1" />
              </SequencePoints>
              <BranchPoints>
                <BranchPoint vc="0" uspid="13" ordinal="2" offset="70" sl="20" path="0" offsetend="72" fileid="1" />
                <BranchPoint vc="0" uspid="14" ordinal="3" offset="70" sl="20" path="1" offsetend="76" fileid="1" />
              </BranchPoints>
              <MethodPoint xsi:type="SequencePoint" vc="0" uspid="6" ordinal="0" offset="0" sl="19" sc="3" el="19" ec="4" bec="0" bev="0" fileid="1" />
            </Method>
            <Method visited="false" cyclomaticComplexity="1" nPathComplexity="0" sequenceCoverage="0" branchCoverage="0" crapScore="2" isConstructor="false" isStatic="false" isGetter="false" isSetter="false">
              <Summary numSequencePoints="3" visitedSequencePoints="0" numBranchPoints="1" visitedBranchPoints="0" sequenceCoverage="0" branchCoverage="0" maxCyclomaticComplexity="1" minCyclomaticComplexity="1" maxCrapScore="2" minCrapScore="2" visitedClasses="0" numClasses="0" visitedMethods="0" numMethods="1" />
              <MetadataToken>100663303</MetadataToken>
              <Name>System.Int32 DictionaryTest.TestKeyEqualityComparer`2::GetHashCode(DictionaryTest.TestKey`2&lt;TFirst,TSecond&gt;)</Name>
              <FileRef uid="1" />
              <SequencePoints>
                <SequencePoint vc="0" uspid="15" ordinal="0" offset="0" sl="26" sc="3" el="26" ec="4" bec="0" bev="0" fileid="1" />
                <SequencePoint vc="0" uspid="16" ordinal="1" offset="1" sl="27" sc="4" el="27" ec="29" bec="0" bev="0" fileid="1" />
                <SequencePoint vc="0" uspid="17" ordinal="2" offset="10" sl="28" sc="3" el="28" ec="4" bec="0" bev="0" fileid="1" />
              </SequencePoints>
              <BranchPoints />
              <MethodPoint xsi:type="SequencePoint" vc="0" uspid="15" ordinal="0" offset="0" sl="26" sc="3" el="26" ec="4" bec="0" bev="0" fileid="1" />
            </Method>
            <Method visited="false" cyclomaticComplexity="1" nPathComplexity="0" sequenceCoverage="0" branchCoverage="0" crapScore="2" isConstructor="true" isStatic="false" isGetter="false" isSetter="false">
              <Summary numSequencePoints="0" visitedSequencePoints="0" numBranchPoints="0" visitedBranchPoints="0" sequenceCoverage="0" branchCoverage="0" maxCyclomaticComplexity="1" minCyclomaticComplexity="1" maxCrapScore="2" minCrapScore="2" visitedClasses="0" numClasses="0" visitedMethods="0" numMethods="0" />
              <MetadataToken>100663304</MetadataToken>
              <Name>System.Void DictionaryTest.TestKeyEqualityComparer`2::.ctor()</Name>
              <SequencePoints />
              <BranchPoints />
              <MethodPoint vc="0" uspid="18" ordinal="0" offset="0" />
            </Method>
          </Methods>
        </Class>
        <Class>
          <Summary numSequencePoints="51" visitedSequencePoints="10" numBranchPoints="14" visitedBranchPoints="3" sequenceCoverage="19.61" branchCoverage="21.43" maxCyclomaticComplexity="1" minCyclomaticComplexity="1" maxCrapScore="2" minCrapScore="1" visitedClasses="1" numClasses="1" visitedMethods="3" numMethods="14" />
          <FullName>Dictionary.Tests.DictionaryTests</FullName>
          <Methods>
            <Method skippedDueTo="AutoImplementedProperty" visited="false" cyclomaticComplexity="1" nPathComplexity="0" sequenceCoverage="0" branchCoverage="0" crapScore="0" isConstructor="false" isStatic="false" isGetter="true" isSetter="false">
              <MetadataToken>100663305</MetadataToken>
              <Name>Dictionary.Dictionary`2&lt;System.Int32,System.String&gt; Dictionary.Tests.DictionaryTests::get_Dictionary()</Name>
              <FileRef uid="3" />
              <SequencePoints />
              <BranchPoints />
            </Method>
            <Method skippedDueTo="AutoImplementedProperty" visited="false" cyclomaticComplexity="1" nPathComplexity="0" sequenceCoverage="0" branchCoverage="0" crapScore="0" isConstructor="false" isStatic="false" isGetter="false" isSetter="true">
              <MetadataToken>100663306</MetadataToken>
              <Name>System.Void Dictionary.Tests.DictionaryTests::set_Dictionary(Dictionary.Dictionary`2&lt;System.Int32,System.String&gt;)</Name>
              <FileRef uid="3" />
              <SequencePoints />
              <BranchPoints />
            </Method>
            <Method visited="true" cyclomaticComplexity="1" nPathComplexity="0" sequenceCoverage="100" branchCoverage="100" crapScore="1" isConstructor="false" isStatic="false" isGetter="false" isSetter="false">
              <Summary numSequencePoints="3" visitedSequencePoints="3" numBranchPoints="1" visitedBranchPoints="1" sequenceCoverage="100" branchCoverage="100" maxCyclomaticComplexity="1" minCyclomaticComplexity="1" maxCrapScore="1" minCrapScore="1" visitedClasses="0" numClasses="0" visitedMethods="1" numMethods="1" />
              <MetadataToken>100663307</MetadataToken>
              <Name>System.Void Dictionary.Tests.DictionaryTests::TestInitialize()</Name>
              <FileRef uid="3" />
              <SequencePoints>
                <SequencePoint vc="1" uspid="19" ordinal="0" offset="0" sl="17" sc="3" el="17" ec="4" bec="0" bev="0" fileid="3" />
                <SequencePoint vc="1" uspid="20" ordinal="1" offset="1" sl="18" sc="4" el="18" ec="47" bec="0" bev="0" fileid="3" />
                <SequencePoint vc="1" uspid="21" ordinal="2" offset="13" sl="19" sc="3" el="19" ec="4" bec="0" bev="0" fileid="3" />
              </SequencePoints>
              <BranchPoints />
              <MethodPoint xsi:type="SequencePoint" vc="1" uspid="19" ordinal="0" offset="0" sl="17" sc="3" el="17" ec="4" bec="0" bev="0" fileid="3" />
            </Method>
            <Method visited="false" cyclomaticComplexity="1" nPathComplexity="0" sequenceCoverage="0" branchCoverage="0" crapScore="2" isConstructor="false" isStatic="false" isGetter="false" isSetter="false">
              <Summary numSequencePoints="5" visitedSequencePoints="0" numBranchPoints="1" visitedBranchPoints="0" sequenceCoverage="0" branchCoverage="0" maxCyclomaticComplexity="1" minCyclomaticComplexity="1" maxCrapScore="2" minCrapScore="2" visitedClasses="0" numClasses="0" visitedMethods="0" numMethods="1" />
              <MetadataToken>100663308</MetadataToken>
              <Name>System.Void Dictionary.Tests.DictionaryTests::Add_CorrectRecord_RecordAdded()</Name>
              <FileRef uid="3" />
              <SequencePoints>
                <SequencePoint vc="0" uspid="22" ordinal="0" offset="0" sl="23" sc="3" el="23" ec="4" bec="0" bev="0" fileid="3" />
                <SequencePoint vc="0" uspid="23" ordinal="1" offset="1" sl="24" sc="4" el="24" ec="26" bec="0" bev="0" fileid="3" />
                <SequencePoint vc="0" uspid="24" ordinal="2" offset="3" sl="26" sc="4" el="26" ec="45" bec="0" bev="0" fileid="3" />
                <SequencePoint vc="0" uspid="25" ordinal="3" offset="27" sl="28" sc="4" el="28" ec="53" bec="0" bev="0" fileid="3" />
                <SequencePoint vc="0" uspid="26" ordinal="4" offset="45" sl="29" sc="3" el="29" ec="4" bec="0" bev="0" fileid="3" />
              </SequencePoints>
              <BranchPoints />
              <MethodPoint xsi:type="SequencePoint" vc="0" uspid="22" ordinal="0" offset="0" sl="23" sc="3" el="23" ec="4" bec="0" bev="0" fileid="3" />
            </Method>
            <Method visited="false" cyclomaticComplexity="1" nPathComplexity="0" sequenceCoverage="0" branchCoverage="0" crapScore="2" isConstructor="false" isStatic="false" isGetter="false" isSetter="false">
              <Summary numSequencePoints="4" visitedSequencePoints="0" numBranchPoints="1" visitedBranchPoints="0" sequenceCoverage="0" branchCoverage="0" maxCyclomaticComplexity="1" minCyclomaticComplexity="1" maxCrapScore="2" minCrapScore="2" visitedClasses="0" numClasses="0" visitedMethods="0" numMethods="1" />
              <MetadataToken>100663309</MetadataToken>
              <Name>System.Void Dictionary.Tests.DictionaryTests::Add_AlreadyExisting_ExceptionThrown()</Name>
              <FileRef uid="3" />
              <SequencePoints>
                <SequencePoint vc="0" uspid="27" ordinal="0" offset="0" sl="33" sc="3" el="33" ec="4" bec="0" bev="0" fileid="3" />
                <SequencePoint vc="0" uspid="28" ordinal="1" offset="1" sl="34" sc="4" el="34" ec="45" bec="0" bev="0" fileid="3" />
                <SequencePoint vc="0" uspid="29" ordinal="2" offset="25" sl="36" sc="4" el="36" ec="94" bec="0" bev="0" fileid="3" />
                <SequencePoint vc="0" uspid="30" ordinal="3" offset="43" sl="37" sc="3" el="37" ec="4" bec="0" bev="0" fileid="3" />
              </SequencePoints>
              <BranchPoints />
              <MethodPoint xsi:type="SequencePoint" vc="0" uspid="27" ordinal="0" offset="0" sl="33" sc="3" el="33" ec="4" bec="0" bev="0" fileid="3" />
            </Method>
            <Method visited="false" cyclomaticComplexity="1" nPathComplexity="0" sequenceCoverage="0" branchCoverage="0" crapScore="2" isConstructor="false" isStatic="false" isGetter="false" isSetter="false">
              <Summary numSequencePoints="6" visitedSequencePoints="0" numBranchPoints="1" visitedBranchPoints="0" sequenceCoverage="0" branchCoverage="0" maxCyclomaticComplexity="1" minCyclomaticComplexity="1" maxCrapScore="2" minCrapScore="2" visitedClasses="0" numClasses="0" visitedMethods="0" numMethods="1" />
              <MetadataToken>100663310</MetadataToken>
              <Name>System.Void Dictionary.Tests.DictionaryTests::Remove_CorrectRecord_RecordRemoved()</Name>
              <FileRef uid="3" />
              <SequencePoints>
                <SequencePoint vc="0" uspid="31" ordinal="0" offset="0" sl="41" sc="3" el="41" ec="4" bec="0" bev="0" fileid="3" />
                <SequencePoint vc="0" uspid="32" ordinal="1" offset="1" sl="42" sc="4" el="42" ec="26" bec="0" bev="0" fileid="3" />
                <SequencePoint vc="0" uspid="33" ordinal="2" offset="3" sl="44" sc="4" el="44" ec="45" bec="0" bev="0" fileid="3" />
                <SequencePoint vc="0" uspid="34" ordinal="3" offset="27" sl="45" sc="4" el="45" ec="34" bec="0" bev="0" fileid="3" />
                <SequencePoint vc="0" uspid="35" ordinal="4" offset="45" sl="47" sc="4" el="47" ec="53" bec="0" bev="0" fileid="3" />
                <SequencePoint vc="0" uspid="36" ordinal="5" offset="63" sl="48" sc="3" el="48" ec="4" bec="0" bev="0" fileid="3" />
              </SequencePoints>
              <BranchPoints />
              <MethodPoint xsi:type="SequencePoint" vc="0" uspid="31" ordinal="0" offset="0" sl="41" sc="3" el="41" ec="4" bec="0" bev="0" fileid="3" />
            </Method>
            <Method visited="true" cyclomaticComplexity="1" nPathComplexity="0" sequenceCoverage="100" branchCoverage="100" crapScore="1" isConstructor="false" isStatic="false" isGetter="false" isSetter="false">
              <Summary numSequencePoints="5" visitedSequencePoints="5" numBranchPoints="1" visitedBranchPoints="1" sequenceCoverage="100" branchCoverage="100" maxCyclomaticComplexity="1" minCyclomaticComplexity="1" maxCrapScore="1" minCrapScore="1" visitedClasses="0" numClasses="0" visitedMethods="1" numMethods="1" />
              <MetadataToken>100663311</MetadataToken>
              <Name>System.Void Dictionary.Tests.DictionaryTests::Clear_AllCleared()</Name>
              <FileRef uid="3" />
              <SequencePoints>
                <SequencePoint vc="1" uspid="37" ordinal="0" offset="0" sl="52" sc="3" el="52" ec="4" bec="0" bev="0" fileid="3">
                  <TrackedMethodRefs>
                    <TrackedMethodRef uid="4" vc="1" />
                  </TrackedMethodRefs>
                </SequencePoint>
                <SequencePoint vc="1" uspid="38" ordinal="1" offset="1" sl="55" sc="4" el="55" ec="45" bec="0" bev="0" fileid="3">
                  <TrackedMethodRefs>
                    <TrackedMethodRef uid="4" vc="1" />
                  </TrackedMethodRefs>
                </SequencePoint>
                <SequencePoint vc="1" uspid="39" ordinal="2" offset="25" sl="56" sc="4" el="56" ec="23" bec="0" bev="0" fileid="3">
                  <TrackedMethodRefs>
                    <TrackedMethodRef uid="4" vc="1" />
                  </TrackedMethodRefs>
                </SequencePoint>
                <SequencePoint vc="1" uspid="40" ordinal="3" offset="37" sl="58" sc="4" el="58" ec="73" bec="0" bev="0" fileid="3">
                  <TrackedMethodRefs>
                    <TrackedMethodRef uid="4" vc="1" />
                  </TrackedMethodRefs>
                </SequencePoint>
                <SequencePoint vc="1" uspid="41" ordinal="4" offset="54" sl="61" sc="3" el="61" ec="4" bec="0" bev="0" fileid="3">
                  <TrackedMethodRefs>
                    <TrackedMethodRef uid="4" vc="1" />
                  </TrackedMethodRefs>
                </SequencePoint>
              </SequencePoints>
              <BranchPoints />
              <MethodPoint xsi:type="SequencePoint" vc="1" uspid="37" ordinal="0" offset="0" sl="52" sc="3" el="52" ec="4" bec="0" bev="0" fileid="3">
                <TrackedMethodRefs>
                  <TrackedMethodRef uid="4" vc="1" />
                </TrackedMethodRefs>
              </MethodPoint>
            </Method>
            <Method visited="false" cyclomaticComplexity="1" nPathComplexity="0" sequenceCoverage="0" branchCoverage="0" crapScore="2" isConstructor="false" isStatic="false" isGetter="false" isSetter="false">
              <Summary numSequencePoints="4" visitedSequencePoints="0" numBranchPoints="1" visitedBranchPoints="0" sequenceCoverage="0" branchCoverage="0" maxCyclomaticComplexity="1" minCyclomaticComplexity="1" maxCrapScore="2" minCrapScore="2" visitedClasses="0" numClasses="0" visitedMethods="0" numMethods="1" />
              <MetadataToken>100663312</MetadataToken>
              <Name>System.Void Dictionary.Tests.DictionaryTests::ContainsKey_KeyExists_True()</Name>
              <FileRef uid="3" />
              <SequencePoints>
                <SequencePoint vc="0" uspid="42" ordinal="0" offset="0" sl="65" sc="3" el="65" ec="4" bec="0" bev="0" fileid="3" />
                <SequencePoint vc="0" uspid="43" ordinal="1" offset="1" sl="66" sc="4" el="66" ec="45" bec="0" bev="0" fileid="3" />
                <SequencePoint vc="0" uspid="44" ordinal="2" offset="25" sl="68" sc="4" el="68" ec="62" bec="0" bev="0" fileid="3" />
                <SequencePoint vc="0" uspid="45" ordinal="3" offset="49" sl="69" sc="3" el="69" ec="4" bec="0" bev="0" fileid="3" />
              </SequencePoints>
              <BranchPoints />
              <MethodPoint xsi:type="SequencePoint" vc="0" uspid="42" ordinal="0" offset="0" sl="65" sc="3" el="65" ec="4" bec="0" bev="0" fileid="3" />
            </Method>
            <Method visited="false" cyclomaticComplexity="1" nPathComplexity="0" sequenceCoverage="0" branchCoverage="0" crapScore="2" isConstructor="false" isStatic="false" isGetter="false" isSetter="false">
              <Summary numSequencePoints="3" visitedSequencePoints="0" numBranchPoints="1" visitedBranchPoints="0" sequenceCoverage="0" branchCoverage="0" maxCyclomaticComplexity="1" minCyclomaticComplexity="1" maxCrapScore="2" minCrapScore="2" visitedClasses="0" numClasses="0" visitedMethods="0" numMethods="1" />
              <MetadataToken>100663313</MetadataToken>
              <Name>System.Void Dictionary.Tests.DictionaryTests::ContainsKey_KeyNotExists_False()</Name>
              <FileRef uid="3" />
              <SequencePoints>
                <SequencePoint vc="0" uspid="46" ordinal="0" offset="0" sl="73" sc="3" el="73" ec="4" bec="0" bev="0" fileid="3" />
                <SequencePoint vc="0" uspid="47" ordinal="1" offset="1" sl="74" sc="4" el="74" ec="63" bec="0" bev="0" fileid="3" />
                <SequencePoint vc="0" uspid="48" ordinal="2" offset="25" sl="75" sc="3" el="75" ec="4" bec="0" bev="0" fileid="3" />
              </SequencePoints>
              <BranchPoints />
              <MethodPoint xsi:type="SequencePoint" vc="0" uspid="46" ordinal="0" offset="0" sl="73" sc="3" el="73" ec="4" bec="0" bev="0" fileid="3" />
            </Method>
            <Method visited="false" cyclomaticComplexity="1" nPathComplexity="0" sequenceCoverage="0" branchCoverage="0" crapScore="2" isConstructor="false" isStatic="false" isGetter="false" isSetter="false">
              <Summary numSequencePoints="5" visitedSequencePoints="0" numBranchPoints="1" visitedBranchPoints="0" sequenceCoverage="0" branchCoverage="0" maxCyclomaticComplexity="1" minCyclomaticComplexity="1" maxCrapScore="2" minCrapScore="2" visitedClasses="0" numClasses="0" visitedMethods="0" numMethods="1" />
              <MetadataToken>100663314</MetadataToken>
              <Name>System.Void Dictionary.Tests.DictionaryTests::ContainsKey_TestKeyExists_True()</Name>
              <FileRef uid="3" />
              <SequencePoints>
                <SequencePoint vc="0" uspid="49" ordinal="0" offset="0" sl="79" sc="3" el="79" ec="4" bec="0" bev="0" fileid="3" />
                <SequencePoint vc="0" uspid="50" ordinal="1" offset="1" sl="80" sc="4" el="80" ec="110" bec="0" bev="0" fileid="3" />
                <SequencePoint vc="0" uspid="51" ordinal="2" offset="12" sl="82" sc="4" el="82" ec="85" bec="0" bev="0" fileid="3" />
                <SequencePoint vc="0" uspid="52" ordinal="3" offset="42" sl="84" sc="4" el="84" ec="102" bec="0" bev="0" fileid="3" />
                <SequencePoint vc="0" uspid="53" ordinal="4" offset="72" sl="86" sc="3" el="86" ec="4" bec="0" bev="0" fileid="3" />
              </SequencePoints>
              <BranchPoints />
              <MethodPoint xsi:type="SequencePoint" vc="0" uspid="49" ordinal="0" offset="0" sl="79" sc="3" el="79" ec="4" bec="0" bev="0" fileid="3" />
            </Method>
            <Method visited="false" cyclomaticComplexity="1" nPathComplexity="0" sequenceCoverage="0" branchCoverage="0" crapScore="2" isConstructor="false" isStatic="false" isGetter="false" isSetter="false">
              <Summary numSequencePoints="5" visitedSequencePoints="0" numBranchPoints="1" visitedBranchPoints="0" sequenceCoverage="0" branchCoverage="0" maxCyclomaticComplexity="1" minCyclomaticComplexity="1" maxCrapScore="2" minCrapScore="2" visitedClasses="0" numClasses="0" visitedMethods="0" numMethods="1" />
              <MetadataToken>100663315</MetadataToken>
              <Name>System.Void Dictionary.Tests.DictionaryTests::Indexator_Set_RecordAdded()</Name>
              <FileRef uid="3" />
              <SequencePoints>
                <SequencePoint vc="0" uspid="54" ordinal="0" offset="0" sl="90" sc="3" el="90" ec="4" bec="0" bev="0" fileid="3" />
                <SequencePoint vc="0" uspid="55" ordinal="1" offset="1" sl="91" sc="4" el="91" ec="26" bec="0" bev="0" fileid="3" />
                <SequencePoint vc="0" uspid="56" ordinal="2" offset="3" sl="93" sc="4" el="93" ec="42" bec="0" bev="0" fileid="3" />
                <SequencePoint vc="0" uspid="57" ordinal="3" offset="27" sl="95" sc="4" el="95" ec="53" bec="0" bev="0" fileid="3" />
                <SequencePoint vc="0" uspid="58" ordinal="4" offset="45" sl="96" sc="3" el="96" ec="4" bec="0" bev="0" fileid="3" />
              </SequencePoints>
              <BranchPoints />
              <MethodPoint xsi:type="SequencePoint" vc="0" uspid="54" ordinal="0" offset="0" sl="90" sc="3" el="90" ec="4" bec="0" bev="0" fileid="3" />
            </Method>
            <Method visited="false" cyclomaticComplexity="1" nPathComplexity="0" sequenceCoverage="0" branchCoverage="0" crapScore="2" isConstructor="false" isStatic="false" isGetter="false" isSetter="false">
              <Summary numSequencePoints="4" visitedSequencePoints="0" numBranchPoints="1" visitedBranchPoints="0" sequenceCoverage="0" branchCoverage="0" maxCyclomaticComplexity="1" minCyclomaticComplexity="1" maxCrapScore="2" minCrapScore="2" visitedClasses="0" numClasses="0" visitedMethods="0" numMethods="1" />
              <MetadataToken>100663316</MetadataToken>
              <Name>System.Void Dictionary.Tests.DictionaryTests::Indexator_GetExistingValue_ValueReturned()</Name>
              <FileRef uid="3" />
              <SequencePoints>
                <SequencePoint vc="0" uspid="59" ordinal="0" offset="0" sl="100" sc="3" el="100" ec="4" bec="0" bev="0" fileid="3" />
                <SequencePoint vc="0" uspid="60" ordinal="1" offset="1" sl="101" sc="4" el="101" ec="42" bec="0" bev="0" fileid="3" />
                <SequencePoint vc="0" uspid="61" ordinal="2" offset="25" sl="103" sc="4" el="103" ec="58" bec="0" bev="0" fileid="3" />
                <SequencePoint vc="0" uspid="62" ordinal="3" offset="54" sl="104" sc="3" el="104" ec="4" bec="0" bev="0" fileid="3" />
              </SequencePoints>
              <BranchPoints />
              <MethodPoint xsi:type="SequencePoint" vc="0" uspid="59" ordinal="0" offset="0" sl="100" sc="3" el="100" ec="4" bec="0" bev="0" fileid="3" />
            </Method>
            <Method visited="false" cyclomaticComplexity="1" nPathComplexity="0" sequenceCoverage="0" branchCoverage="0" crapScore="2" isConstructor="false" isStatic="false" isGetter="false" isSetter="false">
              <Summary numSequencePoints="3" visitedSequencePoints="0" numBranchPoints="1" visitedBranchPoints="0" sequenceCoverage="0" branchCoverage="0" maxCyclomaticComplexity="1" minCyclomaticComplexity="1" maxCrapScore="2" minCrapScore="2" visitedClasses="0" numClasses="0" visitedMethods="0" numMethods="1" />
              <MetadataToken>100663317</MetadataToken>
              <Name>System.Void Dictionary.Tests.DictionaryTests::Indexator_GetNonExistingValue_ExceptionThrown()</Name>
              <FileRef uid="3" />
              <SequencePoints>
                <SequencePoint vc="0" uspid="63" ordinal="0" offset="0" sl="108" sc="3" el="108" ec="4" bec="0" bev="0" fileid="3" />
                <SequencePoint vc="0" uspid="64" ordinal="1" offset="1" sl="109" sc="4" el="109" ec="79" bec="0" bev="0" fileid="3" />
                <SequencePoint vc="0" uspid="65" ordinal="2" offset="19" sl="110" sc="3" el="110" ec="4" bec="0" bev="0" fileid="3" />
              </SequencePoints>
              <BranchPoints />
              <MethodPoint xsi:type="SequencePoint" vc="0" uspid="63" ordinal="0" offset="0" sl="108" sc="3" el="108" ec="4" bec="0" bev="0" fileid="3" />
            </Method>
            <Method visited="true" cyclomaticComplexity="1" nPathComplexity="0" sequenceCoverage="100" branchCoverage="100" crapScore="1" isConstructor="true" isStatic="false" isGetter="false" isSetter="false">
              <Summary numSequencePoints="2" visitedSequencePoints="2" numBranchPoints="1" visitedBranchPoints="1" sequenceCoverage="100" branchCoverage="100" maxCyclomaticComplexity="1" minCyclomaticComplexity="1" maxCrapScore="1" minCrapScore="1" visitedClasses="0" numClasses="0" visitedMethods="1" numMethods="1" />
              <MetadataToken>100663318</MetadataToken>
              <Name>System.Void Dictionary.Tests.DictionaryTests::.ctor()</Name>
              <FileRef uid="3" />
              <SequencePoints>
                <SequencePoint vc="1" uspid="66" ordinal="0" offset="0" sl="12" sc="3" el="12" ec="30" bec="0" bev="0" fileid="3" />
                <SequencePoint vc="1" uspid="67" ordinal="1" offset="7" sl="13" sc="3" el="13" ec="36" bec="0" bev="0" fileid="3" />
              </SequencePoints>
              <BranchPoints />
              <MethodPoint xsi:type="SequencePoint" vc="1" uspid="66" ordinal="0" offset="0" sl="12" sc="3" el="12" ec="30" bec="0" bev="0" fileid="3" />
            </Method>
            <Method visited="false" cyclomaticComplexity="1" nPathComplexity="0" sequenceCoverage="0" branchCoverage="0" crapScore="2" isConstructor="false" isStatic="false" isGetter="false" isSetter="false">
              <Summary numSequencePoints="1" visitedSequencePoints="0" numBranchPoints="1" visitedBranchPoints="0" sequenceCoverage="0" branchCoverage="0" maxCyclomaticComplexity="1" minCyclomaticComplexity="1" maxCrapScore="2" minCrapScore="2" visitedClasses="0" numClasses="0" visitedMethods="0" numMethods="1" />
              <MetadataToken>100663319</MetadataToken>
              <Name>System.Void Dictionary.Tests.DictionaryTests::&lt;Add_AlreadyExisting_ExceptionThrown&gt;b__8_0()</Name>
              <FileRef uid="3" />
              <SequencePoints>
                <SequencePoint vc="0" uspid="68" ordinal="0" offset="0" sl="36" sc="52" el="36" ec="92" bec="0" bev="0" fileid="3" />
              </SequencePoints>
              <BranchPoints />
              <MethodPoint xsi:type="SequencePoint" vc="0" uspid="68" ordinal="0" offset="0" sl="36" sc="52" el="36" ec="92" bec="0" bev="0" fileid="3" />
            </Method>
            <Method visited="false" cyclomaticComplexity="1" nPathComplexity="0" sequenceCoverage="0" branchCoverage="0" crapScore="2" isConstructor="false" isStatic="false" isGetter="false" isSetter="false">
              <Summary numSequencePoints="1" visitedSequencePoints="0" numBranchPoints="1" visitedBranchPoints="0" sequenceCoverage="0" branchCoverage="0" maxCyclomaticComplexity="1" minCyclomaticComplexity="1" maxCrapScore="2" minCrapScore="2" visitedClasses="0" numClasses="0" visitedMethods="0" numMethods="1" />
              <MetadataToken>100663320</MetadataToken>
              <Name>System.Object Dictionary.Tests.DictionaryTests::&lt;Indexator_GetNonExistingValue_ExceptionThrown&gt;b__16_0()</Name>
              <FileRef uid="3" />
              <SequencePoints>
                <SequencePoint vc="0" uspid="69" ordinal="0" offset="0" sl="109" sc="55" el="109" ec="77" bec="0" bev="0" fileid="3" />
              </SequencePoints>
              <BranchPoints />
              <MethodPoint xsi:type="SequencePoint" vc="0" uspid="69" ordinal="0" offset="0" sl="109" sc="55" el="109" ec="77" bec="0" bev="0" fileid="3" />
            </Method>
          </Methods>
        </Class>
      </Classes>
      <TrackedMethods>
        <TrackedMethod uid="1" token="100663308" name="System.Void Dictionary.Tests.DictionaryTests::Add_CorrectRecord_RecordAdded()" strategy="MSTestTest" />
        <TrackedMethod uid="2" token="100663309" name="System.Void Dictionary.Tests.DictionaryTests::Add_AlreadyExisting_ExceptionThrown()" strategy="MSTestTest" />
        <TrackedMethod uid="3" token="100663310" name="System.Void Dictionary.Tests.DictionaryTests::Remove_CorrectRecord_RecordRemoved()" strategy="MSTestTest" />
        <TrackedMethod uid="4" token="100663311" name="System.Void Dictionary.Tests.DictionaryTests::Clear_AllCleared()" strategy="MSTestTest" />
        <TrackedMethod uid="5" token="100663312" name="System.Void Dictionary.Tests.DictionaryTests::ContainsKey_KeyExists_True()" strategy="MSTestTest" />
        <TrackedMethod uid="6" token="100663313" name="System.Void Dictionary.Tests.DictionaryTests::ContainsKey_KeyNotExists_False()" strategy="MSTestTest" />
        <TrackedMethod uid="7" token="100663314" name="System.Void Dictionary.Tests.DictionaryTests::ContainsKey_TestKeyExists_True()" strategy="MSTestTest" />
        <TrackedMethod uid="8" token="100663315" name="System.Void Dictionary.Tests.DictionaryTests::Indexator_Set_RecordAdded()" strategy="MSTestTest" />
        <TrackedMethod uid="9" token="100663316" name="System.Void Dictionary.Tests.DictionaryTests::Indexator_GetExistingValue_ValueReturned()" strategy="MSTestTest" />
        <TrackedMethod uid="10" token="100663317" name="System.Void Dictionary.Tests.DictionaryTests::Indexator_GetNonExistingValue_ExceptionThrown()" strategy="MSTestTest" />
      </TrackedMethods>
    </Module>
  </Modules>
</CoverageSession>